<?xml version="1.0" encoding="UTF-8"?>
<testng-results ignored="0" total="2" passed="2" failed="0" skipped="0">
  <reporter-output>
  </reporter-output>
  <suite started-at="2023-10-04T12:52:52 EDT" name="Default suite" finished-at="2023-10-04T12:53:02 EDT" duration-ms="9647">
    <groups>
    </groups>
    <test started-at="2023-10-04T12:52:52 EDT" name="Default test" finished-at="2023-10-04T12:53:02 EDT" duration-ms="9647">
      <class name="basic.Login">
        <test-method signature="login()[pri:0, instance:basic.Login@6441c486]" started-at="2023-10-04T12:52:52 EDT" name="login" finished-at="2023-10-04T12:53:00 EDT" duration-ms="7808" status="PASS">
          <reporter-output>
          </reporter-output>
        </test-method> <!-- login -->
        <test-method signature="logout()[pri:0, instance:basic.Login@6441c486]" started-at="2023-10-04T12:53:00 EDT" name="logout" finished-at="2023-10-04T12:53:02 EDT" duration-ms="1793" status="PASS">
          <reporter-output>
          </reporter-output>
        </test-method> <!-- logout -->
      </class> <!-- basic.Login -->
    </test> <!-- Default test -->
  </suite> <!-- Default suite -->
</testng-results>
